<?xml version="1.0" encoding="UTF-8"?>
<!-- Generated by org.testng.reporters.JUnitXMLReporter -->
<testsuite hostname="Sushma-PC" name="SecondTest" tests="3" failures="2" timestamp="10 Aug 2020 07:29:09 GMT" time="0.019" errors="0">
  <testcase name="testLoginB" time="0.003" classname="com.uiFramework.B">
    <failure type="java.lang.AssertionError" message="expected [true] but found [false]">
      <![CDATA[java.lang.AssertionError: expected [true] but found [false]
	at com.uiFramework.B.testLoginB(B.java:16)
... Removed 28 stack frames]]>
    </failure>
  </testcase> <!-- testLoginB -->
  <testcase name="testLoginB" time="0.002" classname="com.uiFramework.B">
    <failure type="java.lang.AssertionError" message="expected [true] but found [false]">
      <![CDATA[java.lang.AssertionError: expected [true] but found [false]
	at com.uiFramework.B.testLoginB(B.java:16)
... Removed 28 stack frames]]>
    </failure>
  </testcase> <!-- testLoginB -->
  <testcase name="testLoginB" time="0.002" classname="com.uiFramework.B"/>
</testsuite> <!-- SecondTest -->
