<?xml version="1.0" encoding="UTF-8"?>
<!-- Generated by org.testng.reporters.JUnitXMLReporter -->
<testsuite hostname="Sushma-PC" name="ThirdTest" tests="3" failures="2" timestamp="10 Aug 2020 07:29:09 GMT" time="0.013" errors="0">
  <testcase name="testLoginC" time="0.002" classname="com.uiFramework.C">
    <failure type="java.lang.AssertionError" message="expected [true] but found [false]">
      <![CDATA[java.lang.AssertionError: expected [true] but found [false]
	at com.uiFramework.C.testLoginC(C.java:15)
... Removed 28 stack frames]]>
    </failure>
  </testcase> <!-- testLoginC -->
  <testcase name="testLoginC" time="0.002" classname="com.uiFramework.C">
    <failure type="java.lang.AssertionError" message="expected [true] but found [false]">
      <![CDATA[java.lang.AssertionError: expected [true] but found [false]
	at com.uiFramework.C.testLoginC(C.java:15)
... Removed 28 stack frames]]>
    </failure>
  </testcase> <!-- testLoginC -->
  <testcase name="testLoginC" time="0.002" classname="com.uiFramework.C"/>
</testsuite> <!-- ThirdTest -->
